2018-11-21 22:11:34.628 [main] INFO  c.a.b.d.c.event.WelcomeLogoApplicationListener - 

  ████████▄  ███    █▄  ▀█████████▄  ▀█████████▄   ▄██████▄  
  ███   ▀███ ███    ███   ███    ███   ███    ███ ███    ███ 
  ███    ███ ███    ███   ███    ███   ███    ███ ███    ███ 
  ███    ███ ███    ███  ▄███▄▄▄██▀   ▄███▄▄▄██▀  ███    ███ 
  ███    ███ ███    ███ ▀▀███▀▀▀██▄  ▀▀███▀▀▀██▄  ███    ███ 
  ███    ███ ███    ███   ███    ██▄   ███    ██▄ ███    ███ 
  ███   ▄███ ███    ███   ███    ███   ███    ███ ███    ███ 
  ████████▀  ████████▀  ▄█████████▀  ▄█████████▀   ▀██████▀  
                                                             

 :: Dubbo Spring Boot (v0.1.0) : https://github.com/dubbo/dubbo-spring-boot-project
 :: Dubbo (v2.0.1) : https://github.com/alibaba/dubbo
 :: Google group : http://groups.google.com/group/dubbo

2018-11-21 22:11:34.628 [main] INFO  c.a.b.d.c.e.OverrideDubboConfigApplicationListener - Dubbo Config was overridden by externalized configuration {dubbo.application.name=CustomerApplication, dubbo.registry.address=zookeeper://39.106.211.119:2181}
2018-11-21 22:11:34.831 [main] INFO  cn.lyx.CustomerApplication - Starting CustomerApplication on TL471AD9S22JNE2 with PID 9020 (D:\springboot\customer\target\classes started by Administrator in D:\springboot)
2018-11-21 22:11:34.831 [main] INFO  cn.lyx.CustomerApplication - No active profile set, falling back to default profiles: default
2018-11-21 22:11:35.456 [main] INFO  c.a.d.c.s.c.annotation.DubboConfigBindingRegistrar - The dubbo config bean definition [name : com.alibaba.dubbo.config.ApplicationConfig#0, class : com.alibaba.dubbo.config.ApplicationConfig] has been registered.
2018-11-21 22:11:35.456 [main] INFO  c.a.d.c.s.c.annotation.DubboConfigBindingRegistrar - The BeanPostProcessor bean definition [com.alibaba.dubbo.config.spring.beans.factory.annotation.DubboConfigBindingBeanPostProcessor] for dubbo config bean [name : com.alibaba.dubbo.config.ApplicationConfig#0] has been registered.
2018-11-21 22:11:35.456 [main] INFO  c.a.d.c.s.c.annotation.DubboConfigBindingRegistrar - The dubbo config bean definition [name : com.alibaba.dubbo.config.RegistryConfig#0, class : com.alibaba.dubbo.config.RegistryConfig] has been registered.
2018-11-21 22:11:35.456 [main] INFO  c.a.d.c.s.c.annotation.DubboConfigBindingRegistrar - The BeanPostProcessor bean definition [com.alibaba.dubbo.config.spring.beans.factory.annotation.DubboConfigBindingBeanPostProcessor] for dubbo config bean [name : com.alibaba.dubbo.config.RegistryConfig#0] has been registered.
2018-11-21 22:11:36.081 [main] INFO  o.s.boot.web.embedded.tomcat.TomcatWebServer - Tomcat initialized with port(s): 8882 (http)
2018-11-21 22:11:36.097 [main] INFO  org.apache.coyote.http11.Http11NioProtocol - Initializing ProtocolHandler ["http-nio-8882"]
2018-11-21 22:11:36.097 [main] INFO  org.apache.catalina.core.StandardService - Starting service [Tomcat]
2018-11-21 22:11:36.097 [main] INFO  org.apache.catalina.core.StandardEngine - Starting Servlet Engine: Apache Tomcat/9.0.12
2018-11-21 22:11:36.097 [main] INFO  org.apache.catalina.core.AprLifecycleListener - Loaded APR based Apache Tomcat Native library [1.2.16] using APR version [1.6.3].
2018-11-21 22:11:36.112 [main] INFO  org.apache.catalina.core.AprLifecycleListener - APR capabilities: IPv6 [true], sendfile [true], accept filters [false], random [true].
2018-11-21 22:11:36.112 [main] INFO  org.apache.catalina.core.AprLifecycleListener - APR/OpenSSL configuration: useAprConnector [false], useOpenSSL [true]
2018-11-21 22:11:37.134 [main] INFO  org.apache.catalina.core.AprLifecycleListener - OpenSSL successfully initialized [OpenSSL 1.0.2m  2 Nov 2017]
2018-11-21 22:11:37.243 [main] INFO  o.a.c.core.ContainerBase.[Tomcat].[localhost].[/] - Initializing Spring embedded WebApplicationContext
2018-11-21 22:11:37.243 [main] INFO  org.springframework.web.context.ContextLoader - Root WebApplicationContext: initialization completed in 2334 ms
2018-11-21 22:11:37.306 [main] INFO  o.s.boot.web.servlet.ServletRegistrationBean - Servlet dispatcherServlet mapped to [/]
2018-11-21 22:11:37.306 [main] INFO  o.s.boot.web.servlet.FilterRegistrationBean - Mapping filter: 'characterEncodingFilter' to: [/*]
2018-11-21 22:11:37.306 [main] INFO  o.s.boot.web.servlet.FilterRegistrationBean - Mapping filter: 'hiddenHttpMethodFilter' to: [/*]
2018-11-21 22:11:37.306 [main] INFO  o.s.boot.web.servlet.FilterRegistrationBean - Mapping filter: 'formContentFilter' to: [/*]
2018-11-21 22:11:37.306 [main] INFO  o.s.boot.web.servlet.FilterRegistrationBean - Mapping filter: 'requestContextFilter' to: [/*]
2018-11-21 22:11:37.337 [main] INFO  c.a.d.c.s.b.f.a.DubboConfigBindingBeanPostProcessor - The properties of bean [name : com.alibaba.dubbo.config.ApplicationConfig#0] have been binding by values : [bean property 'name']
2018-11-21 22:11:37.352 [main] INFO  c.a.d.c.s.b.f.a.DubboConfigBindingBeanPostProcessor - The properties of bean [name : com.alibaba.dubbo.config.RegistryConfig#0] have been binding by values : [bean property 'address']
2018-11-21 22:11:37.587 [main] INFO  o.s.scheduling.concurrent.ThreadPoolTaskExecutor - Initializing ExecutorService 'applicationTaskExecutor'
2018-11-21 22:11:37.852 [main] INFO  org.apache.coyote.http11.Http11NioProtocol - Starting ProtocolHandler ["http-nio-8882"]
2018-11-21 22:11:37.868 [main] INFO  org.apache.tomcat.util.net.NioSelectorPool - Using a shared selector for servlet write/read
2018-11-21 22:11:37.899 [main] INFO  o.s.boot.web.embedded.tomcat.TomcatWebServer - Tomcat started on port(s): 8882 (http) with context path ''
2018-11-21 22:11:37.915 [main] INFO  cn.lyx.CustomerApplication - Started CustomerApplication in 4.017 seconds (JVM running for 4.931)
